#
# There is insufficient memory for the Java Runtime Environment to continue.
# Native memory allocation (malloc) failed to allocate 1048576 bytes for AllocateHeap
# Possible reasons:
#   The system is out of physical RAM or swap space
#   The process is running with CompressedOops enabled, and the Java Heap may be blocking the growth of the native heap
# Possible solutions:
#   Reduce memory load on the system
#   Increase physical memory or swap space
#   Check if swap backing store is full
#   Decrease Java heap size (-Xmx/-Xms)
#   Decrease number of Java threads
#   Decrease Java thread stack sizes (-Xss)
#   Set larger code cache with -XX:ReservedCodeCacheSize=
#   JVM is running with Unscaled Compressed Oops mode in which the Java heap is
#     placed in the first 4GB address space. The Java Heap base address is the
#     maximum limit for the native heap growth. Please use -XX:HeapBaseMinAddress
#     to set the Java Heap base and to place the Java Heap above 4GB virtual address.
# This output file may be truncated or incomplete.
#
#  Out of Memory Error (allocation.cpp:44), pid=33300, tid=24692
#
# JRE version:  (17.0.10+11) (build )
# Java VM: Java HotSpot(TM) 64-Bit Server VM (17.0.10+11-LTS-240, mixed mode, sharing, tiered, compressed oops, compressed class ptrs, g1 gc, windows-amd64)
# No core dump will be written. Minidumps are not enabled by default on client versions of Windows
#

---------------  S U M M A R Y ------------

Command Line: -Dmaven.multiModuleProjectDirectory=C:\Users\jack_\IdeaProjects\UnnamedGunGame -Djansi.passthrough=true -Dmaven.home=C:\Program Files\JetBrains\IntelliJ IDEA 2024.1\plugins\maven\lib\maven3 -Dclassworlds.conf=C:\Program Files\JetBrains\IntelliJ IDEA 2024.1\plugins\maven\lib\maven3\bin\m2.conf -Dmaven.ext.class.path=C:\Program Files\JetBrains\IntelliJ IDEA 2024.1\plugins\maven\lib\maven-event-listener.jar -javaagent:C:\Program Files\JetBrains\IntelliJ IDEA 2024.1\lib\idea_rt.jar=57835:C:\Program Files\JetBrains\IntelliJ IDEA 2024.1\bin -Dfile.encoding=UTF-8 org.codehaus.classworlds.Launcher -Didea.version=2024.1 package

Host: Intel(R) Core(TM) i7-14700KF, 28 cores, 31G,  Windows 11 , 64 bit Build 22621 (10.0.22621.3374)
Time: Sat May  4 23:33:20 2024 GMT Summer Time elapsed time: 0.005952 seconds (0d 0h 0m 0s)

---------------  T H R E A D  ---------------

Current thread (0x000001e6d58140f0):  JavaThread "Unknown thread" [_thread_in_vm, id=24692, stack(0x0000002ce7300000,0x0000002ce7400000)]

Stack: [0x0000002ce7300000,0x0000002ce7400000]
Native frames: (J=compiled Java code, j=interpreted, Vv=VM code, C=native code)
V  [jvm.dll+0x677a5a]
V  [jvm.dll+0x7d8b2d]
V  [jvm.dll+0x7da48e]
V  [jvm.dll+0x7daaf3]
V  [jvm.dll+0x2455ff]
V  [jvm.dll+0xa5173]
V  [jvm.dll+0x2d5bd7]
V  [jvm.dll+0x7aa51c]
V  [jvm.dll+0x367911]
V  [jvm.dll+0x789639]
V  [jvm.dll+0x3eb30f]
V  [jvm.dll+0x3ecd91]
C  [jli.dll+0x5297]
C  [ucrtbase.dll+0x29333]
C  [KERNEL32.DLL+0x1257d]
C  [ntdll.dll+0x5aa48]


---------------  P R O C E S S  ---------------

Threads class SMR info:
_java_thread_list=0x00007ffe6c556a18, length=0, elements={
}

Java Threads: ( => current thread )

Other Threads:

=>0x000001e6d58140f0 (exited) JavaThread "Unknown thread" [_thread_in_vm, id=24692, stack(0x0000002ce7300000,0x0000002ce7400000)]

Threads with active compile tasks:

VM state: not at safepoint (not fully initialized)

VM Mutex/Monitor currently owned by a thread: None

Heap address: 0x0000000000000000, size: 0 MB, Compressed Oops mode: 32-bit

CDS archive(s) mapped at: [0x0000000000000000-0x0000000000000000-0x0000000000000000), size 0, SharedBaseAddress: 0x0000000800000000, ArchiveRelocationMode: 1.
Narrow klass base: 0x0000000000000000, Narrow klass shift: 0, Narrow klass range: 0x0

GC Precious Log:
<Empty>

GC Heap History (0 events):
No events

Deoptimization events (0 events):
No events

Classes unloaded (0 events):
No events

Classes redefined (0 events):
No events

Internal exceptions (0 events):
No events

VM Operations (0 events):
No events

Events (1 events):
Event: 0.004 Loaded shared library C:\Program Files\Java\jdk-17\bin\java.dll


Dynamic libraries:
0x00007ff779b40000 - 0x00007ff779b50000 	C:\Program Files\Java\jdk-17\bin\java.exe
0x00007fff44330000 - 0x00007fff44546000 	C:\windows\SYSTEM32\ntdll.dll
0x00007fff42f00000 - 0x00007fff42fc4000 	C:\windows\System32\KERNEL32.DLL
0x00007fff41cb0000 - 0x00007fff42057000 	C:\windows\System32\KERNELBASE.dll
0x00007fff416d0000 - 0x00007fff417e1000 	C:\windows\System32\ucrtbase.dll
0x00007fff250c0000 - 0x00007fff250db000 	C:\Program Files\Java\jdk-17\bin\VCRUNTIME140.dll
0x00007fff25af0000 - 0x00007fff25b09000 	C:\Program Files\Java\jdk-17\bin\jli.dll
0x00007fff429c0000 - 0x00007fff42a72000 	C:\windows\System32\ADVAPI32.dll
0x00007fff42160000 - 0x00007fff42207000 	C:\windows\System32\msvcrt.dll
0x00007fff42740000 - 0x00007fff427e8000 	C:\windows\System32\sechost.dll
0x00007fff41900000 - 0x00007fff41928000 	C:\windows\System32\bcrypt.dll
0x00007fff428a0000 - 0x00007fff429b5000 	C:\windows\System32\RPCRT4.dll
0x00007fff43890000 - 0x00007fff43a3e000 	C:\windows\System32\USER32.dll
0x00007fff41a50000 - 0x00007fff41a76000 	C:\windows\System32\win32u.dll
0x00007fff436f0000 - 0x00007fff43719000 	C:\windows\System32\GDI32.dll
0x00007fff36130000 - 0x00007fff363c3000 	C:\windows\WinSxS\amd64_microsoft.windows.common-controls_6595b64144ccf1df_6.0.22621.3235_none_270f74e173860f98\COMCTL32.dll
0x00007fff41930000 - 0x00007fff41a49000 	C:\windows\System32\gdi32full.dll
0x00007fff41860000 - 0x00007fff418fa000 	C:\windows\System32\msvcp_win.dll
0x00007fff397a0000 - 0x00007fff397aa000 	C:\windows\SYSTEM32\VERSION.dll
0x00007fff42540000 - 0x00007fff42571000 	C:\windows\System32\IMM32.DLL
0x00007fff36890000 - 0x00007fff3689c000 	C:\Program Files\Java\jdk-17\bin\vcruntime140_1.dll
0x00007ffe86b40000 - 0x00007ffe86bce000 	C:\Program Files\Java\jdk-17\bin\msvcp140.dll
0x00007ffe6baa0000 - 0x00007ffe6c67f000 	C:\Program Files\Java\jdk-17\bin\server\jvm.dll
0x00007fff442a0000 - 0x00007fff442a8000 	C:\windows\System32\PSAPI.DLL
0x00007ffed08b0000 - 0x00007ffed08b9000 	C:\windows\SYSTEM32\WSOCK32.dll
0x00007fff351d0000 - 0x00007fff35204000 	C:\windows\SYSTEM32\WINMM.dll
0x00007fff42360000 - 0x00007fff423d1000 	C:\windows\System32\WS2_32.dll
0x00007fff406a0000 - 0x00007fff406b8000 	C:\windows\SYSTEM32\kernel.appcore.dll
0x00007fff318f0000 - 0x00007fff318fa000 	C:\Program Files\Java\jdk-17\bin\jimage.dll
0x00007fff2f1a0000 - 0x00007fff2f3d3000 	C:\windows\SYSTEM32\DBGHELP.DLL
0x00007fff42fd0000 - 0x00007fff43358000 	C:\windows\System32\combase.dll
0x00007fff42210000 - 0x00007fff422e7000 	C:\windows\System32\OLEAUT32.dll
0x00007fff1e4d0000 - 0x00007fff1e502000 	C:\windows\SYSTEM32\dbgcore.DLL
0x00007fff41650000 - 0x00007fff416c9000 	C:\windows\System32\bcryptPrimitives.dll
0x00007fff262d0000 - 0x00007fff262de000 	C:\Program Files\Java\jdk-17\bin\instrument.dll
0x00007fff24880000 - 0x00007fff248a5000 	C:\Program Files\Java\jdk-17\bin\java.dll

dbghelp: loaded successfully - version: 4.0.5 - missing functions: none
symbol engine: initialized successfully - sym options: 0x614 - pdb path: .;C:\Program Files\Java\jdk-17\bin;C:\windows\SYSTEM32;C:\windows\WinSxS\amd64_microsoft.windows.common-controls_6595b64144ccf1df_6.0.22621.3235_none_270f74e173860f98;C:\Program Files\Java\jdk-17\bin\server

VM Arguments:
jvm_args: -Dmaven.multiModuleProjectDirectory=C:\Users\jack_\IdeaProjects\UnnamedGunGame -Djansi.passthrough=true -Dmaven.home=C:\Program Files\JetBrains\IntelliJ IDEA 2024.1\plugins\maven\lib\maven3 -Dclassworlds.conf=C:\Program Files\JetBrains\IntelliJ IDEA 2024.1\plugins\maven\lib\maven3\bin\m2.conf -Dmaven.ext.class.path=C:\Program Files\JetBrains\IntelliJ IDEA 2024.1\plugins\maven\lib\maven-event-listener.jar -javaagent:C:\Program Files\JetBrains\IntelliJ IDEA 2024.1\lib\idea_rt.jar=57835:C:\Program Files\JetBrains\IntelliJ IDEA 2024.1\bin -Dfile.encoding=UTF-8 
java_command: org.codehaus.classworlds.Launcher -Didea.version=2024.1 package
java_class_path (initial): C:\Program Files\JetBrains\IntelliJ IDEA 2024.1\plugins\maven\lib\maven3\boot\plexus-classworlds-2.7.0.jar;C:\Program Files\JetBrains\IntelliJ IDEA 2024.1\plugins\maven\lib\maven3\boot\plexus-classworlds.license
Launcher Type: SUN_STANDARD

[Global flags]
     intx CICompilerCount                          = 12                                        {product} {ergonomic}
     uint ConcGCThreads                            = 5                                         {product} {ergonomic}
     uint G1ConcRefinementThreads                  = 20                                        {product} {ergonomic}
   size_t G1HeapRegionSize                         = 4194304                                   {product} {ergonomic}
    uintx GCDrainStackTargetSize                   = 64                                        {product} {ergonomic}
   size_t InitialHeapSize                          = 536870912                                 {product} {ergonomic}
   size_t MarkStackSize                            = 4194304                                   {product} {ergonomic}
   size_t MaxHeapSize                              = 8543797248                                {product} {ergonomic}
   size_t MinHeapDeltaBytes                        = 4194304                                   {product} {ergonomic}
   size_t MinHeapSize                              = 8388608                                   {product} {ergonomic}
    uintx NonNMethodCodeHeapSize                   = 7602480                                {pd product} {ergonomic}
    uintx NonProfiledCodeHeapSize                  = 122027880                              {pd product} {ergonomic}
    uintx ProfiledCodeHeapSize                     = 122027880                              {pd product} {ergonomic}
    uintx ReservedCodeCacheSize                    = 251658240                              {pd product} {ergonomic}
     bool SegmentedCodeCache                       = true                                      {product} {ergonomic}
   size_t SoftMaxHeapSize                          = 8543797248                             {manageable} {ergonomic}
     bool UseCompressedClassPointers               = true                           {product lp64_product} {ergonomic}
     bool UseCompressedOops                        = true                           {product lp64_product} {ergonomic}
     bool UseG1GC                                  = true                                      {product} {ergonomic}
     bool UseLargePagesIndividualAllocation        = false                                  {pd product} {ergonomic}

Logging:
Log output configuration:
 #0: stdout all=warning uptime,level,tags
 #1: stderr all=off uptime,level,tags

Environment Variables:
PATH=C:\Program Files\PlasticSCM5\server;C:\Program Files\PlasticSCM5\client;C:\Program Files\Common Files\Oracle\Java\javapath;C:\Program Files (x86)\Common Files\Oracle\Java\java8path;C:\Program Files (x86)\Common Files\Oracle\Java\javapath;C:\windows\system32;C:\windows;C:\windows\System32\Wbem;C:\windows\System32\WindowsPowerShell\v1.0\;C:\windows\System32\OpenSSH\;C:\Program Files (x86)\NVIDIA Corporation\PhysX\Common;C:\Program Files\NVIDIA Corporation\NVIDIA NvDLISR;C:\Program Files\dotnet\;C:\Program Files\nodejs\;C:\Program Files\Git\cmd;C:\Users\jack_\AppData\Local\Microsoft\WindowsApps;C:\Users\jack_\AppData\Roaming\npm;C:\Program Files\JetBrains\IntelliJ IDEA 2024.1\bin;
USERNAME=jack_
OS=Windows_NT
PROCESSOR_IDENTIFIER=Intel64 Family 6 Model 183 Stepping 1, GenuineIntel



---------------  S Y S T E M  ---------------

OS:
 Windows 11 , 64 bit Build 22621 (10.0.22621.3374)
OS uptime: 1 days 21:00 hours
Hyper-V role detected

CPU: total 28 (initial active 28) (14 cores per cpu, 2 threads per core) family 6 model 183 stepping 1 microcode 0x11f, cx8, cmov, fxsr, ht, mmx, 3dnowpref, sse, sse2, sse3, ssse3, sse4.1, sse4.2, popcnt, lzcnt, tsc, tscinvbit, avx, avx2, aes, erms, clmul, bmi1, bmi2, adx, sha, fma, vzeroupper, clflush, clflushopt, clwb, hv

Memory: 4k page, system-wide physical 32581M (7103M free)
TotalPageFile size 130885M (AvailPageFile size 5M)
current process WorkingSet (physical memory assigned to process): 11M, peak: 11M
current process commit charge ("private bytes"): 23M, peak: 24M

vm_info: Java HotSpot(TM) 64-Bit Server VM (17.0.10+11-LTS-240) for windows-amd64 JRE (17.0.10+11-LTS-240), built on Dec 19 2023 21:47:25 by "mach5one" with MS VC++ 17.1 (VS2022)

END.
